<?xml version="1.0" encoding="UTF-8"?>
<!-- Generated by org.testng.reporters.JUnitReportReporter -->
<testsuite skipped="0" hostname="Ashton" name="appTest.AppTest" tests="2" failures="0" timestamp="13 Oct 2021 07:29:40 GMT" time="0.022" errors="0">
  <testcase name="loginTestWithInvalid" time="0.002" classname="appTest.AppTest"/>
  <testcase name="loginTest" time="0.020" classname="appTest.AppTest"/>
</testsuite> <!-- appTest.AppTest -->
