<?xml version="1.0" encoding="UTF-8"?>
<!-- Generated by org.testng.reporters.JUnitReportReporter -->
<testsuite skipped="0" hostname="Ashton" name="appTest.AppTest" tests="4" failures="0" timestamp="13 Oct 2021 09:41:23 GMT" time="0.008" errors="0">
  <testcase name="loginTest" time="0.006" classname="appTest.AppTest"/>
  <testcase name="loginTestWithInvalid" time="0.002" classname="appTest.AppTest"/>
  <testcase name="loginTest" time="0.000" classname="appTest.AppTest"/>
  <testcase name="loginTestWithInvalid" time="0.000" classname="appTest.AppTest"/>
</testsuite> <!-- appTest.AppTest -->
