<?xml version="1.0" encoding="UTF-8"?>
<!-- Generated by org.testng.reporters.JUnitReportReporter -->
<testsuite skipped="0" hostname="Ashton" name="appTest.NumberComparison" tests="1" failures="0" timestamp="13 Oct 2021 09:41:23 GMT" time="0.000" errors="0">
  <testcase name="intComparison" time="0.000" classname="appTest.NumberComparison"/>
</testsuite> <!-- appTest.NumberComparison -->
